<?xml version="1.0" encoding="UTF-8"?>
<!-- Generated by org.testng.reporters.JUnitReportReporter -->
<testsuite hostname="DESKTOP-DO1H4EQ" failures="0" tests="1" name="UiScripts.TestCases.CompleteOrder" time="32.717" errors="0" timestamp="2023-03-13T20:14:22 IST" skipped="0">
  <testcase classname="UiScripts.TestCases.CompleteOrder" name="userRegistration3rdTest" time="32.717"/>
  <system-out/>
</testsuite> <!-- UiScripts.TestCases.CompleteOrder -->
