<?xml version="1.0" encoding="UTF-8"?>
<!-- Generated by org.testng.reporters.JUnitReportReporter -->
<testsuite hostname="d746b816cc6a" failures="0" tests="1" name="UiScripts.TestCases.LoginValidation" time="47.205" errors="0" timestamp="2023-03-13T11:31:49 GMT" skipped="0">
  <testcase classname="UiScripts.TestCases.LoginValidation" name="userRegistrationTest" time="47.205"/>
  <system-out/>
</testsuite> <!-- UiScripts.TestCases.LoginValidation -->
